<?xml version="1.0" encoding="UTF-8"?>
<testsuite xmlns:xsi="http://www.w3.org/2001/XMLSchema-instance" xsi:noNamespaceSchemaLocation="https://maven.apache.org/surefire/maven-surefire-plugin/xsd/surefire-test-report-3.0.xsd" version="3.0" name="SetupJUnitTest" time="0.136" tests="4" errors="0" skipped="0" failures="0">
  <properties>
[...]
</properties>
  <testcase name="testTrueCondition" classname="SetupJUnitTest" time="0.03">
    <system-out><![CDATA[Before All Tests - Setup Started
Before Each Test - Initialize
After Each Test - Cleanup
]]></system-out>
  </testcase>
  <testcase name="testAddition" classname="SetupJUnitTest" time="0.012">
    <system-out><![CDATA[Before Each Test - Initialize
After Each Test - Cleanup
]]></system-out>
  </testcase>
  <testcase name="testNullExample" classname="SetupJUnitTest" time="0.003">
    <system-out><![CDATA[Before Each Test - Initialize
After Each Test - Cleanup
]]></system-out>
  </testcase>
  <testcase name="testSubtraction" classname="SetupJUnitTest" time="0.006">
    <system-out><![CDATA[Before Each Test - Initialize
After Each Test - Cleanup
]]></system-out>
  </testcase>
</testsuite>